# JRE version: Java(TM) SE Runtime Environment (12.0+33) (build 12+33)
# Java VM: Java HotSpot(TM) 64-Bit Server VM (12+33, mixed mode, sharing, tiered, compressed oops, g1 gc, windows-amd64)
Heap:
 garbage-first heap   total 131072K, used 26533K [0x0000000081200000, 0x0000000100000000)
  region size 1024K, 21 young (21504K), 4 survivors (4096K)
 Metaspace       used 11933K, capacity 12283K, committed 12416K, reserved 1060864K
  class space    used 1394K, capacity 1570K, committed 1664K, reserved 1048576K
GC Heap History (10 events):
Event: 1.479 GC heap before
{Heap before GC invocations=1 (full 0):
 garbage-first heap   total 131072K, used 80463K [0x0000000081200000, 0x0000000100000000)
  region size 1024K, 76 young (77824K), 3 survivors (3072K)
 Metaspace       used 11517K, capacity 11899K, committed 12032K, reserved 1060864K
  class space    used 1335K, capacity 1506K, committed 1536K, reserved 1048576K
}
Event: 1.482 GC heap after
{Heap after GC invocations=2 (full 0):
 garbage-first heap   total 131072K, used 5934K [0x0000000081200000, 0x0000000100000000)
  region size 1024K, 4 young (4096K), 4 survivors (4096K)
 Metaspace       used 11517K, capacity 11899K, committed 12032K, reserved 1060864K
  class space    used 1335K, capacity 1506K, committed 1536K, reserved 1048576K
}
Event: 1.565 GC heap before
{Heap before GC invocations=2 (full 0):
 garbage-first heap   total 131072K, used 79662K [0x0000000081200000, 0x0000000100000000)
  region size 1024K, 76 young (77824K), 4 survivors (4096K)
 Metaspace       used 11520K, capacity 11899K, committed 12032K, reserved 1060864K
  class space    used 1335K, capacity 1506K, committed 1536K, reserved 1048576K
}
Event: 1.568 GC heap after
{Heap after GC invocations=3 (full 0):
 garbage-first heap   total 131072K, used 6033K [0x0000000081200000, 0x0000000100000000)
  region size 1024K, 4 young (4096K), 4 survivors (4096K)
 Metaspace       used 11520K, capacity 11899K, committed 12032K, reserved 1060864K
  class space    used 1335K, capacity 1506K, committed 1536K, reserved 1048576K
}
Event: 1.623 GC heap before
{Heap before GC invocations=3 (full 0):
 garbage-first heap   total 131072K, used 79761K [0x0000000081200000, 0x0000000100000000)
  region size 1024K, 76 young (77824K), 4 survivors (4096K)
 Metaspace       used 11520K, capacity 11899K, committed 12032K, reserved 1060864K
  class space    used 1335K, capacity 1506K, committed 1536K, reserved 1048576K
}
Event: 1.628 GC heap after
{Heap after GC invocations=4 (full 0):
 garbage-first heap   total 131072K, used 6047K [0x0000000081200000, 0x0000000100000000)
  region size 1024K, 4 young (4096K), 4 survivors (4096K)
 Metaspace       used 11520K, capacity 11899K, committed 12032K, reserved 1060864K
  class space    used 1335K, capacity 1506K, committed 1536K, reserved 1048576K
}
Event: 1.693 GC heap before
{Heap before GC invocations=4 (full 0):
 garbage-first heap   total 131072K, used 79775K [0x0000000081200000, 0x0000000100000000)
  region size 1024K, 76 young (77824K), 4 survivors (4096K)
 Metaspace       used 11520K, capacity 11899K, committed 12032K, reserved 1060864K
  class space    used 1335K, capacity 1506K, committed 1536K, reserved 1048576K
}
Event: 1.697 GC heap after
{Heap after GC invocations=5 (full 0):
 garbage-first heap   total 131072K, used 5982K [0x0000000081200000, 0x0000000100000000)
  region size 1024K, 4 young (4096K), 4 survivors (4096K)
 Metaspace       used 11520K, capacity 11899K, committed 12032K, reserved 1060864K
  class space    used 1335K, capacity 1506K, committed 1536K, reserved 1048576K
}
Event: 1.750 GC heap before
{Heap before GC invocations=5 (full 0):
 garbage-first heap   total 131072K, used 79710K [0x0000000081200000, 0x0000000100000000)
  region size 1024K, 76 young (77824K), 4 survivors (4096K)
 Metaspace       used 11524K, capacity 11899K, committed 12032K, reserved 1060864K
  class space    used 1335K, capacity 1506K, committed 1536K, reserved 1048576K
}
Event: 1.754 GC heap after
{Heap after GC invocations=6 (full 0):
 garbage-first heap   total 131072K, used 6053K [0x0000000081200000, 0x0000000100000000)
  region size 1024K, 4 young (4096K), 4 survivors (4096K)
 Metaspace       used 11524K, capacity 11899K, committed 12032K, reserved 1060864K
  class space    used 1335K, capacity 1506K, committed 1536K, reserved 1048576K
}

