# JRE version: Java(TM) SE Runtime Environment (12.0+33) (build 12+33)
# Java VM: Java HotSpot(TM) 64-Bit Server VM (12+33, mixed mode, tiered, compressed oops, g1 gc, windows-amd64)
Heap:
 garbage-first heap   total 189440K, used 45802K [0x0000000081200000, 0x0000000100000000)
  region size 1024K, 40 young (40960K), 1 survivors (1024K)
 Metaspace       used 20140K, capacity 20515K, committed 20864K, reserved 1067008K
  class space    used 2114K, capacity 2307K, committed 2432K, reserved 1048576K
GC Heap History (10 events):
Event: 14.606 GC heap before
{Heap before GC invocations=136 (full 0):
 garbage-first heap   total 189440K, used 123627K [0x0000000081200000, 0x0000000100000000)
  region size 1024K, 111 young (113664K), 1 survivors (1024K)
 Metaspace       used 20126K, capacity 20483K, committed 20736K, reserved 1067008K
  class space    used 2112K, capacity 2275K, committed 2304K, reserved 1048576K
}
Event: 14.607 GC heap after
{Heap after GC invocations=137 (full 0):
 garbage-first heap   total 189440K, used 6890K [0x0000000081200000, 0x0000000100000000)
  region size 1024K, 1 young (1024K), 1 survivors (1024K)
 Metaspace       used 20126K, capacity 20483K, committed 20736K, reserved 1067008K
  class space    used 2112K, capacity 2275K, committed 2304K, reserved 1048576K
}
Event: 14.675 GC heap before
{Heap before GC invocations=137 (full 0):
 garbage-first heap   total 189440K, used 119530K [0x0000000081200000, 0x0000000100000000)
  region size 1024K, 111 young (113664K), 1 survivors (1024K)
 Metaspace       used 20126K, capacity 20483K, committed 20736K, reserved 1067008K
  class space    used 2112K, capacity 2275K, committed 2304K, reserved 1048576K
}
Event: 14.676 GC heap after
{Heap after GC invocations=138 (full 0):
 garbage-first heap   total 189440K, used 6538K [0x0000000081200000, 0x0000000100000000)
  region size 1024K, 1 young (1024K), 1 survivors (1024K)
 Metaspace       used 20126K, capacity 20483K, committed 20736K, reserved 1067008K
  class space    used 2112K, capacity 2275K, committed 2304K, reserved 1048576K
}
Event: 14.742 GC heap before
{Heap before GC invocations=138 (full 0):
 garbage-first heap   total 189440K, used 119178K [0x0000000081200000, 0x0000000100000000)
  region size 1024K, 111 young (113664K), 1 survivors (1024K)
 Metaspace       used 20126K, capacity 20483K, committed 20736K, reserved 1067008K
  class space    used 2112K, capacity 2275K, committed 2304K, reserved 1048576K
}
Event: 14.743 GC heap after
{Heap after GC invocations=139 (full 0):
 garbage-first heap   total 189440K, used 6538K [0x0000000081200000, 0x0000000100000000)
  region size 1024K, 1 young (1024K), 1 survivors (1024K)
 Metaspace       used 20126K, capacity 20483K, committed 20736K, reserved 1067008K
  class space    used 2112K, capacity 2275K, committed 2304K, reserved 1048576K
}
Event: 14.826 GC heap before
{Heap before GC invocations=139 (full 0):
 garbage-first heap   total 189440K, used 123274K [0x0000000081200000, 0x0000000100000000)
  region size 1024K, 111 young (113664K), 1 survivors (1024K)
 Metaspace       used 20126K, capacity 20483K, committed 20736K, reserved 1067008K
  class space    used 2112K, capacity 2275K, committed 2304K, reserved 1048576K
}
Event: 14.827 GC heap after
{Heap after GC invocations=140 (full 0):
 garbage-first heap   total 189440K, used 10634K [0x0000000081200000, 0x0000000100000000)
  region size 1024K, 1 young (1024K), 1 survivors (1024K)
 Metaspace       used 20126K, capacity 20483K, committed 20736K, reserved 1067008K
  class space    used 2112K, capacity 2275K, committed 2304K, reserved 1048576K
}
Event: 14.895 GC heap before
{Heap before GC invocations=140 (full 0):
 garbage-first heap   total 189440K, used 123274K [0x0000000081200000, 0x0000000100000000)
  region size 1024K, 111 young (113664K), 1 survivors (1024K)
 Metaspace       used 20126K, capacity 20483K, committed 20736K, reserved 1067008K
  class space    used 2112K, capacity 2275K, committed 2304K, reserved 1048576K
}
Event: 14.896 GC heap after
{Heap after GC invocations=141 (full 0):
 garbage-first heap   total 189440K, used 6890K [0x0000000081200000, 0x0000000100000000)
  region size 1024K, 1 young (1024K), 1 survivors (1024K)
 Metaspace       used 20126K, capacity 20483K, committed 20736K, reserved 1067008K
  class space    used 2112K, capacity 2275K, committed 2304K, reserved 1048576K
}

