# JRE version: Java(TM) SE Runtime Environment (12.0+33) (build 12+33)
# Java VM: Java HotSpot(TM) 64-Bit Server VM (12+33, mixed mode, sharing, tiered, compressed oops, g1 gc, windows-amd64)
Heap:
 garbage-first heap   total 131072K, used 23662K [0x0000000081200000, 0x0000000100000000)
  region size 1024K, 18 young (18432K), 4 survivors (4096K)
 Metaspace       used 11679K, capacity 12111K, committed 12416K, reserved 1060864K
  class space    used 1353K, capacity 1538K, committed 1664K, reserved 1048576K
GC Heap History (10 events):
Event: 1.397 GC heap before
{Heap before GC invocations=1 (full 0):
 garbage-first heap   total 131072K, used 80550K [0x0000000081200000, 0x0000000100000000)
  region size 1024K, 76 young (77824K), 3 survivors (3072K)
 Metaspace       used 11604K, capacity 12015K, committed 12288K, reserved 1060864K
  class space    used 1344K, capacity 1506K, committed 1536K, reserved 1048576K
}
Event: 1.400 GC heap after
{Heap after GC invocations=2 (full 0):
 garbage-first heap   total 131072K, used 6069K [0x0000000081200000, 0x0000000100000000)
  region size 1024K, 4 young (4096K), 4 survivors (4096K)
 Metaspace       used 11604K, capacity 12015K, committed 12288K, reserved 1060864K
  class space    used 1344K, capacity 1506K, committed 1536K, reserved 1048576K
}
Event: 1.479 GC heap before
{Heap before GC invocations=2 (full 0):
 garbage-first heap   total 131072K, used 79797K [0x0000000081200000, 0x0000000100000000)
  region size 1024K, 76 young (77824K), 4 survivors (4096K)
 Metaspace       used 11606K, capacity 12015K, committed 12288K, reserved 1060864K
  class space    used 1344K, capacity 1506K, committed 1536K, reserved 1048576K
}
Event: 1.482 GC heap after
{Heap after GC invocations=3 (full 0):
 garbage-first heap   total 131072K, used 6245K [0x0000000081200000, 0x0000000100000000)
  region size 1024K, 4 young (4096K), 4 survivors (4096K)
 Metaspace       used 11606K, capacity 12015K, committed 12288K, reserved 1060864K
  class space    used 1344K, capacity 1506K, committed 1536K, reserved 1048576K
}
Event: 1.534 GC heap before
{Heap before GC invocations=3 (full 0):
 garbage-first heap   total 131072K, used 79973K [0x0000000081200000, 0x0000000100000000)
  region size 1024K, 76 young (77824K), 4 survivors (4096K)
 Metaspace       used 11606K, capacity 12015K, committed 12288K, reserved 1060864K
  class space    used 1344K, capacity 1506K, committed 1536K, reserved 1048576K
}
Event: 1.537 GC heap after
{Heap after GC invocations=4 (full 0):
 garbage-first heap   total 131072K, used 6236K [0x0000000081200000, 0x0000000100000000)
  region size 1024K, 4 young (4096K), 4 survivors (4096K)
 Metaspace       used 11606K, capacity 12015K, committed 12288K, reserved 1060864K
  class space    used 1344K, capacity 1506K, committed 1536K, reserved 1048576K
}
Event: 1.624 GC heap before
{Heap before GC invocations=4 (full 0):
 garbage-first heap   total 131072K, used 79964K [0x0000000081200000, 0x0000000100000000)
  region size 1024K, 76 young (77824K), 4 survivors (4096K)
 Metaspace       used 11606K, capacity 12015K, committed 12288K, reserved 1060864K
  class space    used 1344K, capacity 1506K, committed 1536K, reserved 1048576K
}
Event: 1.628 GC heap after
{Heap after GC invocations=5 (full 0):
 garbage-first heap   total 131072K, used 6041K [0x0000000081200000, 0x0000000100000000)
  region size 1024K, 4 young (4096K), 4 survivors (4096K)
 Metaspace       used 11606K, capacity 12015K, committed 12288K, reserved 1060864K
  class space    used 1344K, capacity 1506K, committed 1536K, reserved 1048576K
}
Event: 1.697 GC heap before
{Heap before GC invocations=5 (full 0):
 garbage-first heap   total 131072K, used 79769K [0x0000000081200000, 0x0000000100000000)
  region size 1024K, 76 young (77824K), 4 survivors (4096K)
 Metaspace       used 11618K, capacity 12015K, committed 12288K, reserved 1060864K
  class space    used 1344K, capacity 1506K, committed 1536K, reserved 1048576K
}
Event: 1.701 GC heap after
{Heap after GC invocations=6 (full 0):
 garbage-first heap   total 131072K, used 6254K [0x0000000081200000, 0x0000000100000000)
  region size 1024K, 4 young (4096K), 4 survivors (4096K)
 Metaspace       used 11618K, capacity 12015K, committed 12288K, reserved 1060864K
  class space    used 1344K, capacity 1506K, committed 1536K, reserved 1048576K
}

