# JRE version: Java(TM) SE Runtime Environment (12.0+33) (build 12+33)
# Java VM: Java HotSpot(TM) 64-Bit Server VM (12+33, mixed mode, tiered, compressed oops, g1 gc, windows-amd64)
Heap:
 garbage-first heap   total 131072K, used 73549K [0x0000000081200000, 0x0000000100000000)
  region size 1024K, 71 young (72704K), 4 survivors (4096K)
 Metaspace       used 19114K, capacity 19519K, committed 19712K, reserved 1067008K
  class space    used 2032K, capacity 2210K, committed 2304K, reserved 1048576K
GC Heap History (6 events):
Event: 2.079 GC heap before
{Heap before GC invocations=0 (full 0):
 garbage-first heap   total 131072K, used 26624K [0x0000000081200000, 0x0000000100000000)
  region size 1024K, 24 young (24576K), 0 survivors (0K)
 Metaspace       used 18165K, capacity 18556K, committed 18816K, reserved 1067008K
  class space    used 1898K, capacity 2081K, committed 2176K, reserved 1048576K
}
Event: 2.086 GC heap after
{Heap after GC invocations=1 (full 0):
 garbage-first heap   total 131072K, used 5716K [0x0000000081200000, 0x0000000100000000)
  region size 1024K, 3 young (3072K), 3 survivors (3072K)
 Metaspace       used 18165K, capacity 18556K, committed 18816K, reserved 1067008K
  class space    used 1898K, capacity 2081K, committed 2176K, reserved 1048576K
}
Event: 2.219 GC heap before
{Heap before GC invocations=1 (full 0):
 garbage-first heap   total 131072K, used 80468K [0x0000000081200000, 0x0000000100000000)
  region size 1024K, 76 young (77824K), 3 survivors (3072K)
 Metaspace       used 19094K, capacity 19455K, committed 19712K, reserved 1067008K
  class space    used 2030K, capacity 2210K, committed 2304K, reserved 1048576K
}
Event: 2.223 GC heap after
{Heap after GC invocations=2 (full 0):
 garbage-first heap   total 131072K, used 6161K [0x0000000081200000, 0x0000000100000000)
  region size 1024K, 4 young (4096K), 4 survivors (4096K)
 Metaspace       used 19094K, capacity 19455K, committed 19712K, reserved 1067008K
  class space    used 2030K, capacity 2210K, committed 2304K, reserved 1048576K
}
Event: 2.304 GC heap before
{Heap before GC invocations=2 (full 0):
 garbage-first heap   total 131072K, used 79889K [0x0000000081200000, 0x0000000100000000)
  region size 1024K, 76 young (77824K), 4 survivors (4096K)
 Metaspace       used 19097K, capacity 19455K, committed 19712K, reserved 1067008K
  class space    used 2030K, capacity 2210K, committed 2304K, reserved 1048576K
}
Event: 2.306 GC heap after
{Heap after GC invocations=3 (full 0):
 garbage-first heap   total 131072K, used 5965K [0x0000000081200000, 0x0000000100000000)
  region size 1024K, 4 young (4096K), 4 survivors (4096K)
 Metaspace       used 19097K, capacity 19455K, committed 19712K, reserved 1067008K
  class space    used 2030K, capacity 2210K, committed 2304K, reserved 1048576K
}

