# JRE version: Java(TM) SE Runtime Environment (12.0+33) (build 12+33)
# Java VM: Java HotSpot(TM) 64-Bit Server VM (12+33, mixed mode, sharing, tiered, compressed oops, g1 gc, windows-amd64)
Heap:
 garbage-first heap   total 131072K, used 24699K [0x0000000081200000, 0x0000000100000000)
  region size 1024K, 19 young (19456K), 4 survivors (4096K)
 Metaspace       used 11833K, capacity 12224K, committed 12416K, reserved 1060864K
  class space    used 1380K, capacity 1570K, committed 1664K, reserved 1048576K
GC Heap History (10 events):
Event: 1.400 GC heap before
{Heap before GC invocations=1 (full 0):
 garbage-first heap   total 131072K, used 80463K [0x0000000081200000, 0x0000000100000000)
  region size 1024K, 76 young (77824K), 3 survivors (3072K)
 Metaspace       used 11527K, capacity 11903K, committed 12032K, reserved 1060864K
  class space    used 1336K, capacity 1506K, committed 1536K, reserved 1048576K
}
Event: 1.403 GC heap after
{Heap after GC invocations=2 (full 0):
 garbage-first heap   total 131072K, used 5990K [0x0000000081200000, 0x0000000100000000)
  region size 1024K, 4 young (4096K), 4 survivors (4096K)
 Metaspace       used 11527K, capacity 11903K, committed 12032K, reserved 1060864K
  class space    used 1336K, capacity 1506K, committed 1536K, reserved 1048576K
}
Event: 1.483 GC heap before
{Heap before GC invocations=2 (full 0):
 garbage-first heap   total 131072K, used 79718K [0x0000000081200000, 0x0000000100000000)
  region size 1024K, 76 young (77824K), 4 survivors (4096K)
 Metaspace       used 11536K, capacity 11903K, committed 12032K, reserved 1060864K
  class space    used 1336K, capacity 1506K, committed 1536K, reserved 1048576K
}
Event: 1.486 GC heap after
{Heap after GC invocations=3 (full 0):
 garbage-first heap   total 131072K, used 5905K [0x0000000081200000, 0x0000000100000000)
  region size 1024K, 4 young (4096K), 4 survivors (4096K)
 Metaspace       used 11536K, capacity 11903K, committed 12032K, reserved 1060864K
  class space    used 1336K, capacity 1506K, committed 1536K, reserved 1048576K
}
Event: 1.538 GC heap before
{Heap before GC invocations=3 (full 0):
 garbage-first heap   total 131072K, used 79633K [0x0000000081200000, 0x0000000100000000)
  region size 1024K, 76 young (77824K), 4 survivors (4096K)
 Metaspace       used 11537K, capacity 11903K, committed 12032K, reserved 1060864K
  class space    used 1336K, capacity 1506K, committed 1536K, reserved 1048576K
}
Event: 1.541 GC heap after
{Heap after GC invocations=4 (full 0):
 garbage-first heap   total 131072K, used 6113K [0x0000000081200000, 0x0000000100000000)
  region size 1024K, 4 young (4096K), 4 survivors (4096K)
 Metaspace       used 11537K, capacity 11903K, committed 12032K, reserved 1060864K
  class space    used 1336K, capacity 1506K, committed 1536K, reserved 1048576K
}
Event: 1.594 GC heap before
{Heap before GC invocations=4 (full 0):
 garbage-first heap   total 131072K, used 79841K [0x0000000081200000, 0x0000000100000000)
  region size 1024K, 76 young (77824K), 4 survivors (4096K)
 Metaspace       used 11548K, capacity 11903K, committed 12032K, reserved 1060864K
  class space    used 1336K, capacity 1506K, committed 1536K, reserved 1048576K
}
Event: 1.597 GC heap after
{Heap after GC invocations=5 (full 0):
 garbage-first heap   total 131072K, used 6046K [0x0000000081200000, 0x0000000100000000)
  region size 1024K, 4 young (4096K), 4 survivors (4096K)
 Metaspace       used 11548K, capacity 11903K, committed 12032K, reserved 1060864K
  class space    used 1336K, capacity 1506K, committed 1536K, reserved 1048576K
}
Event: 1.647 GC heap before
{Heap before GC invocations=5 (full 0):
 garbage-first heap   total 131072K, used 79774K [0x0000000081200000, 0x0000000100000000)
  region size 1024K, 76 young (77824K), 4 survivors (4096K)
 Metaspace       used 11560K, capacity 11904K, committed 12032K, reserved 1060864K
  class space    used 1336K, capacity 1506K, committed 1536K, reserved 1048576K
}
Event: 1.650 GC heap after
{Heap after GC invocations=6 (full 0):
 garbage-first heap   total 131072K, used 6267K [0x0000000081200000, 0x0000000100000000)
  region size 1024K, 4 young (4096K), 4 survivors (4096K)
 Metaspace       used 11560K, capacity 11904K, committed 12032K, reserved 1060864K
  class space    used 1336K, capacity 1506K, committed 1536K, reserved 1048576K
}

