# JRE version: Java(TM) SE Runtime Environment (12.0+33) (build 12+33)
# Java VM: Java HotSpot(TM) 64-Bit Server VM (12+33, mixed mode, sharing, tiered, compressed oops, g1 gc, windows-amd64)
Heap:
 garbage-first heap   total 131072K, used 12261K [0x0000000081200000, 0x0000000100000000)
  region size 1024K, 11 young (11264K), 4 survivors (4096K)
 Metaspace       used 11804K, capacity 12175K, committed 12416K, reserved 1060864K
  class space    used 1374K, capacity 1538K, committed 1664K, reserved 1048576K
GC Heap History (10 events):
Event: 1.694 GC heap before
{Heap before GC invocations=0 (full 0):
 garbage-first heap   total 131072K, used 26624K [0x0000000081200000, 0x0000000100000000)
  region size 1024K, 24 young (24576K), 0 survivors (0K)
 Metaspace       used 11780K, capacity 12111K, committed 12416K, reserved 1060864K
  class space    used 1372K, capacity 1538K, committed 1664K, reserved 1048576K
}
Event: 1.701 GC heap after
{Heap after GC invocations=1 (full 0):
 garbage-first heap   total 131072K, used 5804K [0x0000000081200000, 0x0000000100000000)
  region size 1024K, 3 young (3072K), 3 survivors (3072K)
 Metaspace       used 11780K, capacity 12111K, committed 12416K, reserved 1060864K
  class space    used 1372K, capacity 1538K, committed 1664K, reserved 1048576K
}
Event: 1.817 GC heap before
{Heap before GC invocations=1 (full 0):
 garbage-first heap   total 131072K, used 80556K [0x0000000081200000, 0x0000000100000000)
  region size 1024K, 76 young (77824K), 3 survivors (3072K)
 Metaspace       used 11787K, capacity 12175K, committed 12416K, reserved 1060864K
  class space    used 1372K, capacity 1538K, committed 1664K, reserved 1048576K
}
Event: 1.821 GC heap after
{Heap after GC invocations=2 (full 0):
 garbage-first heap   total 131072K, used 6248K [0x0000000081200000, 0x0000000100000000)
  region size 1024K, 4 young (4096K), 4 survivors (4096K)
 Metaspace       used 11787K, capacity 12175K, committed 12416K, reserved 1060864K
  class space    used 1372K, capacity 1538K, committed 1664K, reserved 1048576K
}
Event: 1.901 GC heap before
{Heap before GC invocations=2 (full 0):
 garbage-first heap   total 131072K, used 79976K [0x0000000081200000, 0x0000000100000000)
  region size 1024K, 76 young (77824K), 4 survivors (4096K)
 Metaspace       used 11787K, capacity 12175K, committed 12416K, reserved 1060864K
  class space    used 1372K, capacity 1538K, committed 1664K, reserved 1048576K
}
Event: 1.903 GC heap after
{Heap after GC invocations=3 (full 0):
 garbage-first heap   total 131072K, used 6154K [0x0000000081200000, 0x0000000100000000)
  region size 1024K, 4 young (4096K), 4 survivors (4096K)
 Metaspace       used 11787K, capacity 12175K, committed 12416K, reserved 1060864K
  class space    used 1372K, capacity 1538K, committed 1664K, reserved 1048576K
}
Event: 1.955 GC heap before
{Heap before GC invocations=3 (full 0):
 garbage-first heap   total 131072K, used 79882K [0x0000000081200000, 0x0000000100000000)
  region size 1024K, 76 young (77824K), 4 survivors (4096K)
 Metaspace       used 11787K, capacity 12175K, committed 12416K, reserved 1060864K
  class space    used 1372K, capacity 1538K, committed 1664K, reserved 1048576K
}
Event: 1.959 GC heap after
{Heap after GC invocations=4 (full 0):
 garbage-first heap   total 131072K, used 6109K [0x0000000081200000, 0x0000000100000000)
  region size 1024K, 4 young (4096K), 4 survivors (4096K)
 Metaspace       used 11787K, capacity 12175K, committed 12416K, reserved 1060864K
  class space    used 1372K, capacity 1538K, committed 1664K, reserved 1048576K
}
Event: 2.031 GC heap before
{Heap before GC invocations=4 (full 0):
 garbage-first heap   total 131072K, used 79837K [0x0000000081200000, 0x0000000100000000)
  region size 1024K, 76 young (77824K), 4 survivors (4096K)
 Metaspace       used 11795K, capacity 12175K, committed 12416K, reserved 1060864K
  class space    used 1372K, capacity 1538K, committed 1664K, reserved 1048576K
}
Event: 2.036 GC heap after
{Heap after GC invocations=5 (full 0):
 garbage-first heap   total 131072K, used 6117K [0x0000000081200000, 0x0000000100000000)
  region size 1024K, 4 young (4096K), 4 survivors (4096K)
 Metaspace       used 11795K, capacity 12175K, committed 12416K, reserved 1060864K
  class space    used 1372K, capacity 1538K, committed 1664K, reserved 1048576K
}

