# JRE version: Java(TM) SE Runtime Environment (12.0+33) (build 12+33)
# Java VM: Java HotSpot(TM) 64-Bit Server VM (12+33, mixed mode, tiered, compressed oops, g1 gc, windows-amd64)
Heap:
 garbage-first heap   total 131072K, used 75658K [0x0000000081200000, 0x0000000100000000)
  region size 1024K, 69 young (70656K), 4 survivors (4096K)
 Metaspace       used 19630K, capacity 20034K, committed 20224K, reserved 1067008K
  class space    used 2100K, capacity 2275K, committed 2304K, reserved 1048576K
GC Heap History (10 events):
Event: 1.433 GC heap before
{Heap before GC invocations=1 (full 0):
 garbage-first heap   total 131072K, used 80444K [0x0000000081200000, 0x0000000100000000)
  region size 1024K, 76 young (77824K), 3 survivors (3072K)
 Metaspace       used 19085K, capacity 19455K, committed 19712K, reserved 1067008K
  class space    used 2028K, capacity 2210K, committed 2304K, reserved 1048576K
}
Event: 1.436 GC heap after
{Heap after GC invocations=2 (full 0):
 garbage-first heap   total 131072K, used 6160K [0x0000000081200000, 0x0000000100000000)
  region size 1024K, 4 young (4096K), 4 survivors (4096K)
 Metaspace       used 19085K, capacity 19455K, committed 19712K, reserved 1067008K
  class space    used 2028K, capacity 2210K, committed 2304K, reserved 1048576K
}
Event: 1.515 GC heap before
{Heap before GC invocations=2 (full 0):
 garbage-first heap   total 131072K, used 79888K [0x0000000081200000, 0x0000000100000000)
  region size 1024K, 76 young (77824K), 4 survivors (4096K)
 Metaspace       used 19087K, capacity 19455K, committed 19712K, reserved 1067008K
  class space    used 2028K, capacity 2210K, committed 2304K, reserved 1048576K
}
Event: 1.518 GC heap after
{Heap after GC invocations=3 (full 0):
 garbage-first heap   total 131072K, used 6298K [0x0000000081200000, 0x0000000100000000)
  region size 1024K, 4 young (4096K), 4 survivors (4096K)
 Metaspace       used 19087K, capacity 19455K, committed 19712K, reserved 1067008K
  class space    used 2028K, capacity 2210K, committed 2304K, reserved 1048576K
}
Event: 1.569 GC heap before
{Heap before GC invocations=3 (full 0):
 garbage-first heap   total 131072K, used 80026K [0x0000000081200000, 0x0000000100000000)
  region size 1024K, 76 young (77824K), 4 survivors (4096K)
 Metaspace       used 19087K, capacity 19455K, committed 19712K, reserved 1067008K
  class space    used 2028K, capacity 2210K, committed 2304K, reserved 1048576K
}
Event: 1.572 GC heap after
{Heap after GC invocations=4 (full 0):
 garbage-first heap   total 131072K, used 6121K [0x0000000081200000, 0x0000000100000000)
  region size 1024K, 4 young (4096K), 4 survivors (4096K)
 Metaspace       used 19087K, capacity 19455K, committed 19712K, reserved 1067008K
  class space    used 2028K, capacity 2210K, committed 2304K, reserved 1048576K
}
Event: 1.625 GC heap before
{Heap before GC invocations=4 (full 0):
 garbage-first heap   total 131072K, used 79849K [0x0000000081200000, 0x0000000100000000)
  region size 1024K, 76 young (77824K), 4 survivors (4096K)
 Metaspace       used 19087K, capacity 19455K, committed 19712K, reserved 1067008K
  class space    used 2028K, capacity 2210K, committed 2304K, reserved 1048576K
}
Event: 1.628 GC heap after
{Heap after GC invocations=5 (full 0):
 garbage-first heap   total 131072K, used 6143K [0x0000000081200000, 0x0000000100000000)
  region size 1024K, 4 young (4096K), 4 survivors (4096K)
 Metaspace       used 19087K, capacity 19455K, committed 19712K, reserved 1067008K
  class space    used 2028K, capacity 2210K, committed 2304K, reserved 1048576K
}
Event: 1.677 GC heap before
{Heap before GC invocations=5 (full 0):
 garbage-first heap   total 131072K, used 79871K [0x0000000081200000, 0x0000000100000000)
  region size 1024K, 76 young (77824K), 4 survivors (4096K)
 Metaspace       used 19091K, capacity 19455K, committed 19712K, reserved 1067008K
  class space    used 2028K, capacity 2210K, committed 2304K, reserved 1048576K
}
Event: 1.680 GC heap after
{Heap after GC invocations=6 (full 0):
 garbage-first heap   total 131072K, used 6026K [0x0000000081200000, 0x0000000100000000)
  region size 1024K, 4 young (4096K), 4 survivors (4096K)
 Metaspace       used 19091K, capacity 19455K, committed 19712K, reserved 1067008K
  class space    used 2028K, capacity 2210K, committed 2304K, reserved 1048576K
}

